yarn add v1.22.19
warning ../../../package.json: No license field
[1/4] Resolving packages...
[2/4] Fetching packages...
[3/4] Linking dependencies...
warning "@vanilla-extract/next-plugin > @vanilla-extract/webpack-plugin@2.2.0" has unmet peer dependency "webpack@^4.30.0 || ^5.20.2".
warning "@storybook/nextjs > @babel/preset-env@7.22.5" has unmet peer dependency "@babel/core@^7.0.0-0".
warning "@storybook/nextjs > @babel/plugin-syntax-dynamic-import@7.8.3" has unmet peer dependency "@babel/core@^7.0.0-0".
warning "@storybook/nextjs > @babel/plugin-syntax-import-assertions@7.22.5" has unmet peer dependency "@babel/core@^7.0.0-0".
warning "@storybook/nextjs > @babel/plugin-transform-runtime > babel-plugin-polyfill-corejs2@0.4.3" has unmet peer dependency "@babel/core@^7.0.0-0".
warning "@storybook/nextjs > @babel/plugin-transform-runtime > babel-plugin-polyfill-corejs3@0.8.1" has unmet peer dependency "@babel/core@^7.0.0-0".
warning "@storybook/nextjs > @babel/plugin-transform-runtime > babel-plugin-polyfill-regenerator@0.5.0" has unmet peer dependency "@babel/core@^7.0.0-0".
warning "@storybook/nextjs > @babel/plugin-proposal-class-properties@7.18.6" has unmet peer dependency "@babel/core@^7.0.0-0".
warning "@storybook/nextjs > @storybook/preset-react-webpack > @babel/preset-flow@7.22.5" has unmet peer dependency "@babel/core@^7.0.0-0".
warning "@storybook/nextjs > @babel/preset-typescript@7.22.5" has unmet peer dependency "@babel/core@^7.0.0-0".
warning "@storybook/nextjs > @babel/plugin-proposal-export-namespace-from@7.18.9" has unmet peer dependency "@babel/core@^7.0.0-0".
warning "@storybook/nextjs > @babel/plugin-proposal-numeric-separator@7.18.6" has unmet peer dependency "@babel/core@^7.0.0-0".
warning "@storybook/nextjs > @babel/plugin-proposal-object-rest-spread@7.20.7" has unmet peer dependency "@babel/core@^7.0.0-0".
warning "@storybook/nextjs > @babel/preset-react > @babel/plugin-transform-react-jsx > @babel/plugin-syntax-jsx@7.22.5" has unmet peer dependency "@babel/core@^7.0.0-0".
warning "@storybook/nextjs > @babel/plugin-syntax-bigint@7.8.3" has unmet peer dependency "@babel/core@^7.0.0-0".
warning "@storybook/nextjs > css-loader@6.8.1" has unmet peer dependency "webpack@^5.0.0".
warning "@storybook/nextjs > @babel/preset-react@7.22.5" has unmet peer dependency "@babel/core@^7.0.0-0".
warning "@storybook/nextjs > @babel/plugin-transform-runtime@7.22.5" has unmet peer dependency "@babel/core@^7.0.0-0".
warning "@storybook/nextjs > node-polyfill-webpack-plugin@2.0.1" has unmet peer dependency "webpack@>=5".
warning "@storybook/nextjs > postcss-loader@7.3.3" has unmet peer dependency "webpack@^5.0.0".
warning "@storybook/nextjs > sass-loader@12.6.0" has unmet peer dependency "webpack@^5.0.0".
warning "@storybook/nextjs > style-loader@3.3.3" has unmet peer dependency "webpack@^5.0.0".
warning "@storybook/nextjs > @babel/preset-react > @babel/plugin-transform-react-jsx-development@7.22.5" has unmet peer dependency "@babel/core@^7.0.0-0".
warning "@storybook/nextjs > @babel/preset-react > @babel/plugin-transform-react-pure-annotations@7.22.5" has unmet peer dependency "@babel/core@^7.0.0-0".
warning "@storybook/nextjs > @babel/preset-react > @babel/plugin-transform-react-display-name@7.22.5" has unmet peer dependency "@babel/core@^7.0.0-0".
warning "@storybook/nextjs > @babel/preset-react > @babel/plugin-transform-react-jsx@7.22.5" has unmet peer dependency "@babel/core@^7.0.0-0".
